# JRE version: OpenJDK Runtime Environment (11.0.15) (build 11.0.15+0-b2043.56-9505619)
# Java VM: OpenJDK 64-Bit Server VM (11.0.15+0-b2043.56-9505619, mixed mode, tiered, compressed oops, g1 gc, windows-amd64)
Heap:
 garbage-first heap   total 260096K, used 73135K [0x0000000080000000, 0x0000000100000000)
  region size 1024K, 48 young (49152K), 19 survivors (19456K)
 Metaspace       used 62464K, capacity 64034K, committed 64176K, reserved 1105920K
  class space    used 7868K, capacity 8435K, committed 8448K, reserved 1048576K
GC Heap History (12 events):
Event: 0.968 GC heap before
{Heap before GC invocations=0 (full 0):
 garbage-first heap   total 260096K, used 29696K [0x0000000080000000, 0x0000000100000000)
  region size 1024K, 24 young (24576K), 0 survivors (0K)
 Metaspace       used 10051K, capacity 10336K, committed 10624K, reserved 1058816K
  class space    used 1022K, capacity 1105K, committed 1152K, reserved 1048576K
}
Event: 0.972 GC heap after
{Heap after GC invocations=1 (full 0):
 garbage-first heap   total 260096K, used 9614K [0x0000000080000000, 0x0000000100000000)
  region size 1024K, 3 young (3072K), 3 survivors (3072K)
 Metaspace       used 10051K, capacity 10336K, committed 10624K, reserved 1058816K
  class space    used 1022K, capacity 1105K, committed 1152K, reserved 1048576K
}
Event: 3.781 GC heap before
{Heap before GC invocations=1 (full 0):
 garbage-first heap   total 260096K, used 108942K [0x0000000080000000, 0x0000000100000000)
  region size 1024K, 100 young (102400K), 3 survivors (3072K)
 Metaspace       used 20758K, capacity 21163K, committed 21296K, reserved 1069056K
  class space    used 2518K, capacity 2653K, committed 2688K, reserved 1048576K
}
Event: 3.791 GC heap after
{Heap after GC invocations=2 (full 0):
 garbage-first heap   total 260096K, used 17135K [0x0000000080000000, 0x0000000100000000)
  region size 1024K, 11 young (11264K), 11 survivors (11264K)
 Metaspace       used 20758K, capacity 21163K, committed 21296K, reserved 1069056K
  class space    used 2518K, capacity 2653K, committed 2688K, reserved 1048576K
}
Event: 4.082 GC heap before
{Heap before GC invocations=3 (full 0):
 garbage-first heap   total 260096K, used 40687K [0x0000000080000000, 0x0000000100000000)
  region size 1024K, 35 young (35840K), 11 survivors (11264K)
 Metaspace       used 22833K, capacity 23450K, committed 23600K, reserved 1069056K
  class space    used 2883K, capacity 3103K, committed 3200K, reserved 1048576K
}
Event: 4.089 GC heap after
{Heap after GC invocations=4 (full 0):
 garbage-first heap   total 260096K, used 18793K [0x0000000080000000, 0x0000000100000000)
  region size 1024K, 2 young (2048K), 2 survivors (2048K)
 Metaspace       used 22833K, capacity 23450K, committed 23600K, reserved 1069056K
  class space    used 2883K, capacity 3103K, committed 3200K, reserved 1048576K
}
Event: 5.561 GC heap before
{Heap before GC invocations=4 (full 0):
 garbage-first heap   total 260096K, used 119145K [0x0000000080000000, 0x0000000100000000)
  region size 1024K, 101 young (103424K), 2 survivors (2048K)
 Metaspace       used 34862K, capacity 35730K, committed 35888K, reserved 1081344K
  class space    used 4555K, capacity 4887K, committed 4992K, reserved 1048576K
}
Event: 5.573 GC heap after
{Heap after GC invocations=5 (full 0):
 garbage-first heap   total 260096K, used 22835K [0x0000000080000000, 0x0000000100000000)
  region size 1024K, 6 young (6144K), 6 survivors (6144K)
 Metaspace       used 34862K, capacity 35730K, committed 35888K, reserved 1081344K
  class space    used 4555K, capacity 4887K, committed 4992K, reserved 1048576K
}
Event: 8.136 GC heap before
{Heap before GC invocations=6 (full 0):
 garbage-first heap   total 260096K, used 175411K [0x0000000080000000, 0x0000000100000000)
  region size 1024K, 152 young (155648K), 6 survivors (6144K)
 Metaspace       used 47702K, capacity 48982K, committed 49328K, reserved 1091584K
  class space    used 6090K, capacity 6561K, committed 6656K, reserved 1048576K
}
Event: 8.150 GC heap after
{Heap after GC invocations=7 (full 0):
 garbage-first heap   total 260096K, used 31742K [0x0000000080000000, 0x0000000100000000)
  region size 1024K, 14 young (14336K), 14 survivors (14336K)
 Metaspace       used 47702K, capacity 48982K, committed 49328K, reserved 1091584K
  class space    used 6090K, capacity 6561K, committed 6656K, reserved 1048576K
}
Event: 11.568 GC heap before
{Heap before GC invocations=7 (full 0):
 garbage-first heap   total 260096K, used 151550K [0x0000000080000000, 0x0000000100000000)
  region size 1024K, 130 young (133120K), 14 survivors (14336K)
 Metaspace       used 58661K, capacity 60092K, committed 60208K, reserved 1101824K
  class space    used 7413K, capacity 7962K, committed 8064K, reserved 1048576K
}
Event: 11.596 GC heap after
{Heap after GC invocations=8 (full 0):
 garbage-first heap   total 260096K, used 44463K [0x0000000080000000, 0x0000000100000000)
  region size 1024K, 19 young (19456K), 19 survivors (19456K)
 Metaspace       used 58661K, capacity 60092K, committed 60208K, reserved 1101824K
  class space    used 7413K, capacity 7962K, committed 8064K, reserved 1048576K
}

